# JRE version: OpenJDK Runtime Environment Temurin-21.0.8+9 (21.0.8+9) (build 21.0.8+9-LTS)
# Java VM: OpenJDK 64-Bit Server VM Temurin-21.0.8+9 (21.0.8+9-LTS, mixed mode, sharing, tiered, compressed oops, compressed class ptrs, g1 gc, windows-amd64)
GC Precious Log:
 CardTable entry size: 512
 Card Set container configuration: InlinePtr #cards 5 size 8 Array Of Cards #cards 12 size 40 Howl #buckets 4 coarsen threshold 1843 Howl Bitmap #cards 512 size 80 coarsen threshold 460 Card regions per heap region 1 cards per card region 2048
 CPUs: 4 total, 4 available
 Memory: 3470M
 Large Page Support: Disabled
 NUMA Support: Disabled
 Compressed Oops: Enabled (32-bit)
 Heap Region Size: 1M
 Heap Min Capacity: 8M
 Heap Initial Capacity: 56M
 Heap Max Capacity: 868M
 Pre-touch: Disabled
 Parallel Workers: 4
 Concurrent Workers: 1
 Concurrent Refinement Workers: 4
 Periodic GC: Disabled
Heap:
 garbage-first heap   total 51200K, used 42071K [0x00000000c9c00000, 0x0000000100000000)
  region size 1024K, 17 young (17408K), 3 survivors (3072K)
 Metaspace       used 68168K, committed 68864K, reserved 1114112K
  class space    used 9170K, committed 9472K, reserved 1048576K
GC Heap History (20 events):
Event: 6.052 GC heap before
{Heap before GC invocations=4 (full 0):
 garbage-first heap   total 57344K, used 32636K [0x00000000c9c00000, 0x0000000100000000)
  region size 1024K, 24 young (24576K), 4 survivors (4096K)
 Metaspace       used 21224K, committed 21504K, reserved 1114112K
  class space    used 2551K, committed 2688K, reserved 1048576K
}
Event: 6.064 GC heap after
{Heap after GC invocations=5 (full 0):
 garbage-first heap   total 57344K, used 14647K [0x00000000c9c00000, 0x0000000100000000)
  region size 1024K, 4 young (4096K), 4 survivors (4096K)
 Metaspace       used 21224K, committed 21504K, reserved 1114112K
  class space    used 2551K, committed 2688K, reserved 1048576K
}
Event: 7.605 GC heap before
{Heap before GC invocations=6 (full 0):
 garbage-first heap   total 51200K, used 40247K [0x00000000c9c00000, 0x0000000100000000)
  region size 1024K, 30 young (30720K), 4 survivors (4096K)
 Metaspace       used 26196K, committed 26624K, reserved 1114112K
  class space    used 3282K, committed 3456K, reserved 1048576K
}
Event: 7.623 GC heap after
{Heap after GC invocations=7 (full 0):
 garbage-first heap   total 51200K, used 17198K [0x00000000c9c00000, 0x0000000100000000)
  region size 1024K, 4 young (4096K), 4 survivors (4096K)
 Metaspace       used 26196K, committed 26624K, reserved 1114112K
  class space    used 3282K, committed 3456K, reserved 1048576K
}
Event: 9.104 GC heap before
{Heap before GC invocations=7 (full 0):
 garbage-first heap   total 51200K, used 39726K [0x00000000c9c00000, 0x0000000100000000)
  region size 1024K, 27 young (27648K), 4 survivors (4096K)
 Metaspace       used 30610K, committed 31104K, reserved 1114112K
  class space    used 3900K, committed 4160K, reserved 1048576K
}
Event: 9.114 GC heap after
{Heap after GC invocations=8 (full 0):
 garbage-first heap   total 51200K, used 19623K [0x00000000c9c00000, 0x0000000100000000)
  region size 1024K, 3 young (3072K), 3 survivors (3072K)
 Metaspace       used 30610K, committed 31104K, reserved 1114112K
  class space    used 3900K, committed 4160K, reserved 1048576K
}
Event: 10.528 GC heap before
{Heap before GC invocations=8 (full 0):
 garbage-first heap   total 51200K, used 34983K [0x00000000c9c00000, 0x0000000100000000)
  region size 1024K, 20 young (20480K), 3 survivors (3072K)
 Metaspace       used 35554K, committed 36096K, reserved 1114112K
  class space    used 4618K, committed 4864K, reserved 1048576K
}
Event: 10.546 GC heap after
{Heap after GC invocations=9 (full 0):
 garbage-first heap   total 51200K, used 20457K [0x00000000c9c00000, 0x0000000100000000)
  region size 1024K, 3 young (3072K), 3 survivors (3072K)
 Metaspace       used 35554K, committed 36096K, reserved 1114112K
  class space    used 4618K, committed 4864K, reserved 1048576K
}
Event: 13.885 GC heap before
{Heap before GC invocations=10 (full 0):
 garbage-first heap   total 51200K, used 42985K [0x00000000c9c00000, 0x0000000100000000)
  region size 1024K, 26 young (26624K), 3 survivors (3072K)
 Metaspace       used 45173K, committed 45824K, reserved 1114112K
  class space    used 5785K, committed 6080K, reserved 1048576K
}
Event: 13.893 GC heap after
{Heap after GC invocations=11 (full 0):
 garbage-first heap   total 51200K, used 23249K [0x00000000c9c00000, 0x0000000100000000)
  region size 1024K, 4 young (4096K), 4 survivors (4096K)
 Metaspace       used 45173K, committed 45824K, reserved 1114112K
  class space    used 5785K, committed 6080K, reserved 1048576K
}
Event: 14.879 GC heap before
{Heap before GC invocations=11 (full 0):
 garbage-first heap   total 51200K, used 41681K [0x00000000c9c00000, 0x0000000100000000)
  region size 1024K, 23 young (23552K), 4 survivors (4096K)
 Metaspace       used 50208K, committed 50752K, reserved 1114112K
  class space    used 6452K, committed 6720K, reserved 1048576K
}
Event: 14.885 GC heap after
{Heap after GC invocations=12 (full 0):
 garbage-first heap   total 51200K, used 24373K [0x00000000c9c00000, 0x0000000100000000)
  region size 1024K, 2 young (2048K), 2 survivors (2048K)
 Metaspace       used 50208K, committed 50752K, reserved 1114112K
  class space    used 6452K, committed 6720K, reserved 1048576K
}
Event: 16.179 GC heap before
{Heap before GC invocations=12 (full 0):
 garbage-first heap   total 51200K, used 42805K [0x00000000c9c00000, 0x0000000100000000)
  region size 1024K, 21 young (21504K), 2 survivors (2048K)
 Metaspace       used 56697K, committed 57280K, reserved 1114112K
  class space    used 7532K, committed 7808K, reserved 1048576K
}
Event: 16.183 GC heap after
{Heap after GC invocations=13 (full 0):
 garbage-first heap   total 51200K, used 24901K [0x00000000c9c00000, 0x0000000100000000)
  region size 1024K, 2 young (2048K), 2 survivors (2048K)
 Metaspace       used 56697K, committed 57280K, reserved 1114112K
  class space    used 7532K, committed 7808K, reserved 1048576K
}
Event: 19.267 GC heap before
{Heap before GC invocations=14 (full 0):
 garbage-first heap   total 51200K, used 44357K [0x00000000c9c00000, 0x0000000100000000)
  region size 1024K, 22 young (22528K), 2 survivors (2048K)
 Metaspace       used 61009K, committed 61568K, reserved 1114112K
  class space    used 8160K, committed 8384K, reserved 1048576K
}
Event: 19.289 GC heap after
{Heap after GC invocations=15 (full 0):
 garbage-first heap   total 51200K, used 26621K [0x00000000c9c00000, 0x0000000100000000)
  region size 1024K, 3 young (3072K), 3 survivors (3072K)
 Metaspace       used 61009K, committed 61568K, reserved 1114112K
  class space    used 8160K, committed 8384K, reserved 1048576K
}
Event: 21.358 GC heap before
{Heap before GC invocations=15 (full 0):
 garbage-first heap   total 51200K, used 44029K [0x00000000c9c00000, 0x0000000100000000)
  region size 1024K, 20 young (20480K), 3 survivors (3072K)
 Metaspace       used 63725K, committed 64320K, reserved 1114112K
  class space    used 8531K, committed 8832K, reserved 1048576K
}
Event: 21.368 GC heap after
{Heap after GC invocations=16 (full 0):
 garbage-first heap   total 51200K, used 27851K [0x00000000c9c00000, 0x0000000100000000)
  region size 1024K, 2 young (2048K), 2 survivors (2048K)
 Metaspace       used 63725K, committed 64320K, reserved 1114112K
  class space    used 8531K, committed 8832K, reserved 1048576K
}
Event: 23.623 GC heap before
{Heap before GC invocations=16 (full 0):
 garbage-first heap   total 51200K, used 45259K [0x00000000c9c00000, 0x0000000100000000)
  region size 1024K, 19 young (19456K), 2 survivors (2048K)
 Metaspace       used 66365K, committed 67008K, reserved 1114112K
  class space    used 8913K, committed 9216K, reserved 1048576K
}
Event: 23.630 GC heap after
{Heap after GC invocations=17 (full 0):
 garbage-first heap   total 51200K, used 29783K [0x00000000c9c00000, 0x0000000100000000)
  region size 1024K, 3 young (3072K), 3 survivors (3072K)
 Metaspace       used 66365K, committed 67008K, reserved 1114112K
  class space    used 8913K, committed 9216K, reserved 1048576K
}

