# JRE version: OpenJDK Runtime Environment Temurin-21.0.8+9 (21.0.8+9) (build 21.0.8+9-LTS)
# Java VM: OpenJDK 64-Bit Server VM Temurin-21.0.8+9 (21.0.8+9-LTS, mixed mode, sharing, tiered, compressed oops, compressed class ptrs, g1 gc, windows-amd64)
GC Precious Log:
 CardTable entry size: 512
 Card Set container configuration: InlinePtr #cards 5 size 8 Array Of Cards #cards 12 size 40 Howl #buckets 4 coarsen threshold 1843 Howl Bitmap #cards 512 size 80 coarsen threshold 460 Card regions per heap region 1 cards per card region 2048
 CPUs: 4 total, 4 available
 Memory: 3470M
 Large Page Support: Disabled
 NUMA Support: Disabled
 Compressed Oops: Enabled (32-bit)
 Heap Region Size: 1M
 Heap Min Capacity: 8M
 Heap Initial Capacity: 56M
 Heap Max Capacity: 868M
 Pre-touch: Disabled
 Parallel Workers: 4
 Concurrent Workers: 1
 Concurrent Refinement Workers: 4
 Periodic GC: Disabled
Heap:
 garbage-first heap   total 51200K, used 28716K [0x00000000c9c00000, 0x0000000100000000)
  region size 1024K, 8 young (8192K), 2 survivors (2048K)
 Metaspace       used 53737K, committed 54272K, reserved 1114112K
  class space    used 7007K, committed 7232K, reserved 1048576K
GC Heap History (20 events):
Event: 2.272 GC heap before
{Heap before GC invocations=0 (full 0):
 garbage-first heap   total 57344K, used 13312K [0x00000000c9c00000, 0x0000000100000000)
  region size 1024K, 13 young (13312K), 0 survivors (0K)
 Metaspace       used 3536K, committed 3712K, reserved 1114112K
  class space    used 375K, committed 448K, reserved 1048576K
}
Event: 2.285 GC heap after
{Heap after GC invocations=1 (full 0):
 garbage-first heap   total 57344K, used 6384K [0x00000000c9c00000, 0x0000000100000000)
  region size 1024K, 2 young (2048K), 2 survivors (2048K)
 Metaspace       used 3536K, committed 3712K, reserved 1114112K
  class space    used 375K, committed 448K, reserved 1048576K
}
Event: 3.168 GC heap before
{Heap before GC invocations=1 (full 0):
 garbage-first heap   total 57344K, used 17648K [0x00000000c9c00000, 0x0000000100000000)
  region size 1024K, 13 young (13312K), 2 survivors (2048K)
 Metaspace       used 6920K, committed 7168K, reserved 1114112K
  class space    used 839K, committed 960K, reserved 1048576K
}
Event: 3.174 GC heap after
{Heap after GC invocations=2 (full 0):
 garbage-first heap   total 57344K, used 7597K [0x00000000c9c00000, 0x0000000100000000)
  region size 1024K, 2 young (2048K), 2 survivors (2048K)
 Metaspace       used 6920K, committed 7168K, reserved 1114112K
  class space    used 839K, committed 960K, reserved 1048576K
}
Event: 5.018 GC heap before
{Heap before GC invocations=2 (full 0):
 garbage-first heap   total 57344K, used 30125K [0x00000000c9c00000, 0x0000000100000000)
  region size 1024K, 25 young (25600K), 2 survivors (2048K)
 Metaspace       used 13486K, committed 13760K, reserved 1114112K
  class space    used 1608K, committed 1728K, reserved 1048576K
}
Event: 5.023 GC heap after
{Heap after GC invocations=3 (full 0):
 garbage-first heap   total 57344K, used 9435K [0x00000000c9c00000, 0x0000000100000000)
  region size 1024K, 3 young (3072K), 3 survivors (3072K)
 Metaspace       used 13486K, committed 13760K, reserved 1114112K
  class space    used 1608K, committed 1728K, reserved 1048576K
}
Event: 7.585 GC heap before
{Heap before GC invocations=3 (full 0):
 garbage-first heap   total 57344K, used 39131K [0x00000000c9c00000, 0x0000000100000000)
  region size 1024K, 32 young (32768K), 3 survivors (3072K)
 Metaspace       used 18900K, committed 19200K, reserved 1114112K
  class space    used 2281K, committed 2432K, reserved 1048576K
}
Event: 7.596 GC heap after
{Heap after GC invocations=4 (full 0):
 garbage-first heap   total 57344K, used 12824K [0x00000000c9c00000, 0x0000000100000000)
  region size 1024K, 4 young (4096K), 4 survivors (4096K)
 Metaspace       used 18900K, committed 19200K, reserved 1114112K
  class space    used 2281K, committed 2432K, reserved 1048576K
}
Event: 9.025 GC heap before
{Heap before GC invocations=4 (full 0):
 garbage-first heap   total 57344K, used 32280K [0x00000000c9c00000, 0x0000000100000000)
  region size 1024K, 24 young (24576K), 4 survivors (4096K)
 Metaspace       used 21240K, committed 21504K, reserved 1114112K
  class space    used 2550K, committed 2688K, reserved 1048576K
}
Event: 9.038 GC heap after
{Heap after GC invocations=5 (full 0):
 garbage-first heap   total 57344K, used 14356K [0x00000000c9c00000, 0x0000000100000000)
  region size 1024K, 2 young (2048K), 2 survivors (2048K)
 Metaspace       used 21240K, committed 21504K, reserved 1114112K
  class space    used 2550K, committed 2688K, reserved 1048576K
}
Event: 12.902 GC heap before
{Heap before GC invocations=6 (full 0):
 garbage-first heap   total 51200K, used 42004K [0x00000000c9c00000, 0x0000000100000000)
  region size 1024K, 30 young (30720K), 2 survivors (2048K)
 Metaspace       used 26500K, committed 26944K, reserved 1114112K
  class space    used 3337K, committed 3520K, reserved 1048576K
}
Event: 12.916 GC heap after
{Heap after GC invocations=7 (full 0):
 garbage-first heap   total 51200K, used 17018K [0x00000000c9c00000, 0x0000000100000000)
  region size 1024K, 4 young (4096K), 4 survivors (4096K)
 Metaspace       used 26500K, committed 26944K, reserved 1114112K
  class space    used 3337K, committed 3520K, reserved 1048576K
}
Event: 18.565 GC heap before
{Heap before GC invocations=7 (full 0):
 garbage-first heap   total 51200K, used 38522K [0x00000000c9c00000, 0x0000000100000000)
  region size 1024K, 26 young (26624K), 4 survivors (4096K)
 Metaspace       used 31158K, committed 31744K, reserved 1114112K
  class space    used 3944K, committed 4224K, reserved 1048576K
}
Event: 18.589 GC heap after
{Heap after GC invocations=8 (full 0):
 garbage-first heap   total 51200K, used 18807K [0x00000000c9c00000, 0x0000000100000000)
  region size 1024K, 2 young (2048K), 2 survivors (2048K)
 Metaspace       used 31158K, committed 31744K, reserved 1114112K
  class space    used 3944K, committed 4224K, reserved 1048576K
}
Event: 22.353 GC heap before
{Heap before GC invocations=8 (full 0):
 garbage-first heap   total 51200K, used 34167K [0x00000000c9c00000, 0x0000000100000000)
  region size 1024K, 18 young (18432K), 2 survivors (2048K)
 Metaspace       used 35577K, committed 36096K, reserved 1114112K
  class space    used 4616K, committed 4864K, reserved 1048576K
}
Event: 22.362 GC heap after
{Heap after GC invocations=9 (full 0):
 garbage-first heap   total 51200K, used 19758K [0x00000000c9c00000, 0x0000000100000000)
  region size 1024K, 1 young (1024K), 1 survivors (1024K)
 Metaspace       used 35577K, committed 36096K, reserved 1114112K
  class space    used 4616K, committed 4864K, reserved 1048576K
}
Event: 26.735 GC heap before
{Heap before GC invocations=10 (full 0):
 garbage-first heap   total 51200K, used 43310K [0x00000000c9c00000, 0x0000000100000000)
  region size 1024K, 24 young (24576K), 1 survivors (1024K)
 Metaspace       used 45603K, committed 46144K, reserved 1114112K
  class space    used 5870K, committed 6080K, reserved 1048576K
}
Event: 26.740 GC heap after
{Heap after GC invocations=11 (full 0):
 garbage-first heap   total 51200K, used 22147K [0x00000000c9c00000, 0x0000000100000000)
  region size 1024K, 3 young (3072K), 3 survivors (3072K)
 Metaspace       used 45603K, committed 46144K, reserved 1114112K
  class space    used 5870K, committed 6080K, reserved 1048576K
}
Event: 29.815 GC heap before
{Heap before GC invocations=11 (full 0):
 garbage-first heap   total 51200K, used 42627K [0x00000000c9c00000, 0x0000000100000000)
  region size 1024K, 24 young (24576K), 3 survivors (3072K)
 Metaspace       used 51746K, committed 52288K, reserved 1114112K
  class space    used 6738K, committed 6976K, reserved 1048576K
}
Event: 29.829 GC heap after
{Heap after GC invocations=12 (full 0):
 garbage-first heap   total 51200K, used 23596K [0x00000000c9c00000, 0x0000000100000000)
  region size 1024K, 2 young (2048K), 2 survivors (2048K)
 Metaspace       used 51746K, committed 52288K, reserved 1114112K
  class space    used 6738K, committed 6976K, reserved 1048576K
}

